{
  "RSpec": {
    "coverage": {
      "/home/saasbook/Desktop/hw4/hw3_rottenpotatoes/app/controllers/application_controller.rb": [
        1,
        1,
        null
      ],
      "/home/saasbook/Desktop/hw4/hw3_rottenpotatoes/app/helpers/application_helper.rb": [
        1,
        null
      ],
      "/home/saasbook/Desktop/hw4/hw3_rottenpotatoes/app/helpers/movies_helper.rb": [
        1,
        null,
        null
      ],
      "/home/saasbook/Desktop/hw4/hw3_rottenpotatoes/app/controllers/movies_controller.rb": [
        1,
        null,
        1,
        0,
        0,
        null,
        null,
        null,
        1,
        0,
        0,
        null,
        0,
        null,
        0,
        null,
        0,
        0,
        null,
        0,
        0,
        0,
        null,
        null,
        0,
        0,
        0,
        0,
        null,
        0,
        null,
        null,
        1,
        null,
        null,
        null,
        1,
        3,
        3,
        3,
        null,
        null,
        1,
        0,
        null,
        null,
        1,
        0,
        0,
        0,
        0,
        null,
        null,
        1,
        4,
        4,
        4,
        4,
        null,
        null,
        1,
        6,
        6,
        1,
        5,
        2,
        2,
        null,
        3,
        3,
        1,
        1,
        null,
        2,
        null,
        null,
        null,
        null,
        null
      ],
      "/home/saasbook/Desktop/hw4/hw3_rottenpotatoes/app/models/movie.rb": [
        1,
        1,
        0,
        null,
        null
      ]
    },
    "timestamp": 1332679317
  },
  "Cucumber Features": {
    "coverage": {
      "/home/saasbook/Desktop/hw4/hw3_rottenpotatoes/app/controllers/application_controller.rb": [
        1,
        1,
        null
      ],
      "/home/saasbook/Desktop/hw4/hw3_rottenpotatoes/app/helpers/application_helper.rb": [
        1,
        null
      ],
      "/home/saasbook/Desktop/hw4/hw3_rottenpotatoes/app/helpers/movies_helper.rb": [
        1,
        null,
        null
      ],
      "/home/saasbook/Desktop/hw4/hw3_rottenpotatoes/app/controllers/movies_controller.rb": [
        1,
        null,
        1,
        3,
        3,
        null,
        null,
        null,
        1,
        19,
        19,
        null,
        2,
        null,
        2,
        null,
        19,
        19,
        null,
        19,
        2,
        2,
        null,
        null,
        17,
        4,
        4,
        4,
        null,
        13,
        null,
        null,
        1,
        null,
        null,
        null,
        1,
        0,
        0,
        0,
        null,
        null,
        1,
        1,
        null,
        null,
        1,
        1,
        1,
        1,
        1,
        null,
        null,
        1,
        0,
        0,
        0,
        0,
        null,
        null,
        1,
        2,
        2,
        0,
        2,
        1,
        1,
        null,
        1,
        1,
        1,
        1,
        null,
        0,
        null,
        null,
        null,
        null,
        null
      ],
      "/home/saasbook/Desktop/hw4/hw3_rottenpotatoes/app/models/movie.rb": [
        1,
        1,
        19,
        null,
        null
      ]
    },
    "timestamp": 1332679394
  }
}
